[debug] [2023-05-02T13:48:08.437Z] ----------------------------------------------------------------------
[debug] [2023-05-02T13:48:08.441Z] Command:       C:\Program Files\nodejs\node.exe C:\Program Files\nodejs\node_modules\firebase-tools\lib\bin\firebase.js init
[debug] [2023-05-02T13:48:08.442Z] CLI Version:   11.29.1
[debug] [2023-05-02T13:48:08.443Z] Platform:      win32
[debug] [2023-05-02T13:48:08.443Z] Node Version:  v18.16.0
[debug] [2023-05-02T13:48:08.446Z] Time:          Tue May 02 2023 15:48:08 GMT+0200 (Mitteleuropäische Sommerzeit)
[debug] [2023-05-02T13:48:08.446Z] ----------------------------------------------------------------------
[debug] 
[debug] [2023-05-02T13:48:08.465Z] > command requires scopes: ["email","openid","https://www.googleapis.com/auth/cloudplatformprojects.readonly","https://www.googleapis.com/auth/firebase","https://www.googleapis.com/auth/cloud-platform"]
[debug] [2023-05-02T13:48:08.468Z] > authorizing via signed-in user (m.kedzierski76@gmail.com)
[info] 
     ######## #### ########  ######## ########     ###     ######  ########
     ##        ##  ##     ## ##       ##     ##  ##   ##  ##       ##
     ######    ##  ########  ######   ########  #########  ######  ######
     ##        ##  ##    ##  ##       ##     ## ##     ##       ## ##
     ##       #### ##     ## ######## ########  ##     ##  ######  ########

You're about to initialize a Firebase project in this directory:

  D:\timetochange\UMSCH PROJECT\Codemask\firebaseToDoList\ToDo-React-Firebase

[info] 
=== Project Setup
[info] 
[info] First, let's associate this project directory with a Firebase project.
[info] You can create multiple project aliases by running firebase use --add, 
[info] but for now we'll just set up a default project.
[info] 
[debug] [2023-05-02T13:50:53.959Z] > refreshing access token with scopes: []
[debug] [2023-05-02T13:50:53.961Z] >>> [apiv2][query] POST https://www.googleapis.com/oauth2/v3/token [none]
[debug] [2023-05-02T13:50:53.961Z] >>> [apiv2][body] POST https://www.googleapis.com/oauth2/v3/token [omitted]
[debug] [2023-05-02T13:50:54.120Z] <<< [apiv2][status] POST https://www.googleapis.com/oauth2/v3/token 200
[debug] [2023-05-02T13:50:54.120Z] <<< [apiv2][body] POST https://www.googleapis.com/oauth2/v3/token [omitted]
[debug] [2023-05-02T13:50:54.181Z] >>> [apiv2][query] GET https://firebase.googleapis.com/v1beta1/projects pageSize=100
[debug] [2023-05-02T13:50:54.621Z] <<< [apiv2][status] GET https://firebase.googleapis.com/v1beta1/projects 200
[debug] [2023-05-02T13:50:54.621Z] <<< [apiv2][body] GET https://firebase.googleapis.com/v1beta1/projects [omitted]
[info] i  Using project reactfirebase-todolist (ReactFirebase-ToDoList) 
[info] 
=== Firestore Setup
[debug] [2023-05-02T13:51:31.219Z] >>> [apiv2][query] GET https://serviceusage.googleapis.com/v1/projects/reactfirebase-todolist/services/firestore.googleapis.com [none]
[debug] [2023-05-02T13:51:31.219Z] >>> [apiv2][(partial)header] GET https://serviceusage.googleapis.com/v1/projects/reactfirebase-todolist/services/firestore.googleapis.com x-goog-quota-user=projects/reactfirebase-todolist
[debug] [2023-05-02T13:51:31.774Z] <<< [apiv2][status] GET https://serviceusage.googleapis.com/v1/projects/reactfirebase-todolist/services/firestore.googleapis.com 200
[debug] [2023-05-02T13:51:31.774Z] <<< [apiv2][body] GET https://serviceusage.googleapis.com/v1/projects/reactfirebase-todolist/services/firestore.googleapis.com [omitted]
[debug] [2023-05-02T13:51:31.775Z] >>> [apiv2][query] GET https://firestore.googleapis.com/v1/projects/reactfirebase-todolist/databases/(default) [none]
[debug] [2023-05-02T13:51:32.012Z] <<< [apiv2][status] GET https://firestore.googleapis.com/v1/projects/reactfirebase-todolist/databases/(default) 200
[debug] [2023-05-02T13:51:32.012Z] <<< [apiv2][body] GET https://firestore.googleapis.com/v1/projects/reactfirebase-todolist/databases/(default) {"name":"projects/reactfirebase-todolist/databases/(default)","uid":"9f11a254-dabe-48d8-ba36-94f0ea8f7bc9","createTime":"2023-05-01T15:25:31.683859Z","updateTime":"2023-05-01T15:25:31.683859Z","locationId":"eur3","type":"FIRESTORE_NATIVE","concurrencyMode":"PESSIMISTIC","appEngineIntegrationMode":"DISABLED","keyPrefix":"e","deleteProtectionState":"DELETE_PROTECTION_DISABLED","etag":"IPuqh+Xj1v4CMKCLpKTB1P4C"}
[debug] [2023-05-02T13:51:32.012Z] database_type: FIRESTORE_NATIVE
[debug] [2023-05-02T13:51:32.013Z] > command requires scopes: ["email","openid","https://www.googleapis.com/auth/cloudplatformprojects.readonly","https://www.googleapis.com/auth/firebase","https://www.googleapis.com/auth/cloud-platform"]
[debug] [2023-05-02T13:51:32.013Z] > authorizing via signed-in user (m.kedzierski76@gmail.com)
[debug] [2023-05-02T13:51:32.013Z] [iam] checking project reactfirebase-todolist for permissions ["firebase.projects.get"]
[debug] [2023-05-02T13:51:32.014Z] >>> [apiv2][query] POST https://cloudresourcemanager.googleapis.com/v1/projects/reactfirebase-todolist:testIamPermissions [none]
[debug] [2023-05-02T13:51:32.014Z] >>> [apiv2][(partial)header] POST https://cloudresourcemanager.googleapis.com/v1/projects/reactfirebase-todolist:testIamPermissions x-goog-quota-user=projects/reactfirebase-todolist
[debug] [2023-05-02T13:51:32.014Z] >>> [apiv2][body] POST https://cloudresourcemanager.googleapis.com/v1/projects/reactfirebase-todolist:testIamPermissions {"permissions":["firebase.projects.get"]}
[debug] [2023-05-02T13:51:32.242Z] <<< [apiv2][status] POST https://cloudresourcemanager.googleapis.com/v1/projects/reactfirebase-todolist:testIamPermissions 200
[debug] [2023-05-02T13:51:32.242Z] <<< [apiv2][body] POST https://cloudresourcemanager.googleapis.com/v1/projects/reactfirebase-todolist:testIamPermissions {"permissions":["firebase.projects.get"]}
[info] 
[info] Firestore Security Rules allow you to define how and when to allow
[info] requests. You can keep these rules in your project directory
[info] and publish them with firebase deploy.
[info] 
[debug] [2023-05-02T13:52:37.430Z] >>> [apiv2][query] GET https://firebaserules.googleapis.com/v1/projects/reactfirebase-todolist/releases pageSize=10&pageToken=
[debug] [2023-05-02T13:52:38.178Z] <<< [apiv2][status] GET https://firebaserules.googleapis.com/v1/projects/reactfirebase-todolist/releases 200
[debug] [2023-05-02T13:52:38.178Z] <<< [apiv2][body] GET https://firebaserules.googleapis.com/v1/projects/reactfirebase-todolist/releases {"releases":[{"name":"projects/reactfirebase-todolist/releases/cloud.firestore","rulesetName":"projects/reactfirebase-todolist/rulesets/c2997cfc-779c-495b-a54c-22ca76edbcfc","createTime":"2023-05-01T15:25:38.254515Z","updateTime":"2023-05-01T15:25:38.254515Z"}]}
[debug] [2023-05-02T13:52:38.179Z] Found ruleset: projects/reactfirebase-todolist/rulesets/c2997cfc-779c-495b-a54c-22ca76edbcfc
[debug] [2023-05-02T13:52:38.180Z] >>> [apiv2][query] GET https://firebaserules.googleapis.com/v1/projects/reactfirebase-todolist/rulesets/c2997cfc-779c-495b-a54c-22ca76edbcfc [none]
[debug] [2023-05-02T13:52:38.873Z] <<< [apiv2][status] GET https://firebaserules.googleapis.com/v1/projects/reactfirebase-todolist/rulesets/c2997cfc-779c-495b-a54c-22ca76edbcfc 200
[debug] [2023-05-02T13:52:38.873Z] <<< [apiv2][body] GET https://firebaserules.googleapis.com/v1/projects/reactfirebase-todolist/rulesets/c2997cfc-779c-495b-a54c-22ca76edbcfc [omitted]
[info] 
[info] Firestore indexes allow you to perform complex queries while
[info] maintaining performance that scales with the size of the result
[info] set. You can keep index definitions in your project directory
[info] and publish them with firebase deploy.
[info] 
[debug] [2023-05-02T13:53:44.790Z] >>> [apiv2][query] GET https://firestore.googleapis.com/v1/projects/reactfirebase-todolist/databases/(default)/collectionGroups/-/indexes [none]
[debug] [2023-05-02T13:53:44.793Z] >>> [apiv2][query] GET https://firestore.googleapis.com/v1/projects/reactfirebase-todolist/databases/(default)/collectionGroups/-/fields?filter=indexConfig.usesAncestorConfig=false OR ttlConfig:* [none]
[debug] [2023-05-02T13:53:44.986Z] <<< [apiv2][status] GET https://firestore.googleapis.com/v1/projects/reactfirebase-todolist/databases/(default)/collectionGroups/-/fields?filter=indexConfig.usesAncestorConfig=false OR ttlConfig:* 200
[debug] [2023-05-02T13:53:44.986Z] <<< [apiv2][body] GET https://firestore.googleapis.com/v1/projects/reactfirebase-todolist/databases/(default)/collectionGroups/-/fields?filter=indexConfig.usesAncestorConfig=false OR ttlConfig:* {"fields":[{"name":"projects/reactfirebase-todolist/databases/(default)/collectionGroups/__default__/fields/*","indexConfig":{"indexes":[{"queryScope":"COLLECTION","fields":[{"fieldPath":"*","order":"ASCENDING"}],"state":"READY"},{"queryScope":"COLLECTION","fields":[{"fieldPath":"*","order":"DESCENDING"}],"state":"READY"},{"queryScope":"COLLECTION","fields":[{"fieldPath":"*","arrayConfig":"CONTAINS"}],"state":"READY"}]}}]}
[debug] [2023-05-02T13:53:44.990Z] <<< [apiv2][status] GET https://firestore.googleapis.com/v1/projects/reactfirebase-todolist/databases/(default)/collectionGroups/-/indexes 200
[debug] [2023-05-02T13:53:44.990Z] <<< [apiv2][body] GET https://firestore.googleapis.com/v1/projects/reactfirebase-todolist/databases/(default)/collectionGroups/-/indexes {}
[info] 
=== Hosting Setup
[info] 
[info] Your public directory is the folder (relative to your project directory) that
[info] will contain Hosting assets to be uploaded with firebase deploy. If you
[info] have a build process for your assets, use your build's output directory.
[info] 
